        -:    0:Source:checkRate.c
        -:    0:Graph:a-checkRate.gcno
        -:    0:Data:a-checkRate.gcda
        -:    0:Runs:2
        -:    1:#include <header.h>
        -:    2:
        2:    3:int checkRate()
        -:    4:
        -:    5:{
        -:    6:    char choice;
        -:    7:    int input;
        2:    8:    while (scanf("%d", &input) != 1)
        -:    9:    {
    #####:   10:        while ((choice = getchar()) != '\n')
        -:   11:        {
        -:   12:        }
    #####:   13:        printf("\033[1;31m");
    #####:   14:        printf("\n\v\t\t\t\t\t\tRate be positive Integer.\n");
    #####:   15:        printf("\033[0m");
    #####:   16:        printf("\t\t\t\t\tEnter rate of the product in positive integer: ");
        -:   17:    }
        -:   18:
        2:   19:    return input;
        -:   20:}
        -:   21:
