        -:    0:Source:custSalesReport.c
        -:    0:Graph:a-custSalesReport.gcno
        -:    0:Data:a-custSalesReport.gcda
        -:    0:Runs:2
        -:    1:#include <header.h>
        -:    2:	
        1:    3:void customerSalesReport()
        -:    4:{
        -:    5:	char name[20];
        1:    6:	int count = 0;
        -:    7:	ITEM item;
        -:    8:	SALE sale;
        -:    9:	FILE *file;
        -:   10:	
        1:   11:	printf("\nEnter Customer Name: ");
        1:   12:	scanf("%s", name);
        1:   13:	file = fopen("name", "rb");
        1:   14:	printf("\v\v\t\t\t\t\t\t\tCustomer Sales Report\n");
        1:   15:	printf("\t\t\t\t\t\t****************\n");
        1:   16:    printf("\t\t\t--------------------------------------------------------------------------------------------\n");
        1:   17:	printf("\t\t\t\tNAME :\t||\t%s\n", name);
        1:   18:	printf("\t\t\t--------------------------------------------------------------------------------------------\n");
        1:   19:	printf("\n\t\t\t--------------------------------------------------------------------------------------------\n");
        1:   20:	printf("\t\t\tCODE\t||\tNAME\t||\tRATE\t||\tQUANTITY\t\n");
        1:   21:	printf("\t\t\t--------------------------------------------------------------------------------------------\n");
        1:   22:	if (file == NULL)
        -:   23:	{
        1:   24:		printf("\t\t\t\tNo Product is purchase.");
        1:   25:		options();
        -:   26:	}
    #####:   27:	while (fread(&item, sizeof(item), 1, file))
        -:   28:	{
    #####:   29:		printf("\t\t\t%s\t||\t%s\t||\t%d\t||\t %d\t \n", sale.productCode, item.product_name, item.rate, sale.unit);
    #####:   30:		count++;
        -:   31:	}
    #####:   32:	printf("\t\t\t------------------------------------------------------------------------------------------------------\n");
    #####:   33:	if (count == 0)
        -:   34:	{
    #####:   35:        system("clear");
    #####:   36:        printf("\033[1;31m");
    #####:   37:        printf("\n\v\t\t\t\t\t\t* Customer is not available.\n");
    #####:   38:        printf("\033[0m");
        -:   39:	}
    #####:   40:	fclose(file);
    #####:   41:}
        -:   42:
        -:   43:/*
        -:   44:################################Add Customer Details###############################
        -:   45:*/
        -:   46:
    #####:   47:int addCustomer(){
        -:   48:	FILE *fp;
        -:   49:	FILE *file;
        -:   50:	ITEM item;
        -:   51:	CUST Cust;
    #####:   52:	fp=fopen("custRecord.txt", "ab");
    #####:   53:	if(fp==NULL){
    #####:   54:		printf("File does not exist\n");
    #####:   55:		exit(1);
        -:   56:	}
        -:   57:	else{
    #####:   58:		printf("\n\t\t###############Enter Customer Details#################\n");
    #####:   59:		printf("\nEnter Name :");
    #####:   60:		scanf("%s",Cust.name);
    #####:   61:		printf("\nEnter age :");
    #####:   62:		scanf("%d", &Cust.age);
    #####:   63:		printf("\nEnter Moblie Number :");
    #####:   64:		scanf("%s", Cust.mob);
    #####:   65:		printf("\nEnter ZoneCode :");
    #####:   66:		scanf("%ld",&Cust.zoneCode);
        -:   67:		
        -:   68:	}
    #####:   69:	file = fopen(Cust.name, "ab");
    #####:   70:	fwrite(&Cust, sizeof(Cust), 1, fp);
    #####:   71:	fclose(fp);
    #####:   72:	fwrite(saleProduct, sizeof(item), 1, file);
    #####:   73:	fclose(file);
    #####:   74:	printf("\033[1;31m");
    #####:   75:	system("clear");	
    #####:   76:	printf("\nYou Details saved successfully!");
    #####:   77:	printf("\033[0m");
    #####:   78:	return 0;
        -:   79:	//saleProduct();	
        -:   80:}
        -:   81:/* End of addCust function */
