        -:    0:Source:DSMS.c
        -:    0:Graph:a-DSMS.gcno
        -:    0:Data:a-DSMS.gcda
        -:    0:Runs:2
        -:    1:/*
        -:    2:Departmental store management system to insert, display, delete,update and sale product
        -:    3:*/
        -:    4:
        -:    5:
        -:    6:/* start main funcion  */
        -:    7:
        -:    8:
        -:    9:#include <header.h>
        2:   10:int main()
        -:   11:{
        2:   12:	mainMenu();
    #####:   13:	system("clear");
    #####:   14:	return 0;
        -:   15:}
        -:   16:
        -:   17:/* end of main	*/
        -:   18:
        -:   19:
