        -:    0:Source:editProduct.c
        -:    0:Graph:a-editProduct.gcno
        -:    0:Data:a-editProduct.gcda
        -:    0:Runs:2
        -:    1:#include <header.h>
        -:    2:
        1:    3:void updateProduct()
        -:    4:{
        -:    5:	char code[MAX], product[MAX];
        -:    6:	int available;
        -:    7:	ITEM item;
        -:    8:	FILE *file1, *file2;
        -:    9:	
        1:   10:	printf("\v\v\t\t\t\t\t\t\tUpdate Product\n");
        1:   11:	printf("\t\t\t\t\t\t**********\n");	
        1:   12:	printf("Enter the Product code to update the record:");
        1:   13:	scanf("%s", code);
        1:   14:	available = isCodeAvailable(code);
        1:   15:	if (available == 0)
        -:   16:	{
    #####:   17:	        system("clear");
    #####:   18:	        printf("\033[1;31m");
    #####:   19:	        printf("\n\v\t\t\t\t\t\t* No Product is found for update.\n");
    #####:   20:	        printf("\033[0m");
        -:   21:	}
        -:   22:	else
        -:   23:	{
        1:   24:        file1 = fopen("Record.txt", "rb");
        1:   25:        file2 = fopen("tempfile.txt", "wb");
        -:   26:        
        4:   27:        while (fread(&item, sizeof(item), 1, file1))
        -:   28:        {
        3:   29:			strcpy(product, item.product_code);
        3:   30:			if (strcmp(product, code) != 0)
        -:   31:			{
        2:   32:				fwrite(&item, sizeof(item), 1, file2);
        -:   33:			}
        -:   34:			else
        -:   35:			{
        1:   36:				printf("\n Updating data for the privious product %s\n", code);
        1:   37:				printf("enter Product Name: ");
        1:   38:                scanf("%s", item.product_name);
        1:   39:				printf("Enter Product Rate: ");
        1:   40:	            scanf("%d", &item.rate);
        1:   41:	            printf("Enter Quantity: ");
        1:   42:	            scanf("%d", &item.quantity);
        1:   43:	            printf("\n\n");
        1:   44:	            fwrite(&item, sizeof(item), 1, file2);
        -:   45:            }
        -:   46:        }
        1:   47:		fclose(file1);
        1:   48:        fclose(file2);
        1:   49:        file1 = fopen("Record.txt", "wb");
        1:   50:        file2 = fopen("tempfile.txt", "rb");
        4:   51:        while (fread(&item, sizeof(item), 1, file2))
        -:   52:        {
        3:   53:            fwrite(&item, sizeof(item), 1, file1);
        -:   54:        }
        1:   55:        fclose(file1);
        1:   56:        fclose(file2);
        -:   57:    }
        1:   58:} 
        -:   59:/*	end of update file. */
