        -:    0:Source:loginAdmin.c
        -:    0:Graph:a-loginAdmin.gcno
        -:    0:Data:a-loginAdmin.gcda
        -:    0:Runs:2
        -:    1:#include <header.h>
        -:    2:
        2:    3:void login()
        -:    4:{
        -:    5:	char username[15], password[10];
        -:    6:	
        2:    7:    printf("\v\v\t\t\t\t\t\t\tLogin \n");
        2:    8:    printf("\t\t\t\t\t\t**********\n");    
        2:    9:    printf("\v\v\t\t\tEnter username: ");
        2:   10:    scanf("%s", username);
        2:   11:    printf("\t\t\tEnter password: ");
        2:   12:    scanf("%s", password);
        -:   13:    while (1)
        -:   14:    {
        2:   15:        if ((strcmp(USERNAME, username)) == 0 && (strcmp(PASSWORD, password)) == 0)
        -:   16:        {
        2:   17:            system("clear");
        2:   18:            printf("\033[1;32m");
        2:   19:            printf("\t\t\t\t\tLogin successfully!!");
        2:   20:            printf("\033[0m");
        -:   21:            /*	printf("\v\v\t\t\t--Welcome to the Departmental Store--\n");	*/
        2:   22:            options();
        -:   23:        }
        -:   24:        else
        -:   25:        {
    #####:   26:            system("clear");
    #####:   27:            printf("\033[1;31m");
    #####:   28:            printf("\n\t\t\tsorry you enter the worng information.\n");
    #####:   29:            printf("\n\t\t\tPlease try again.\n");
    #####:   30:            printf("\033[0m");
    #####:   31:            login();
    #####:   32:            break;
        -:   33:        }
        -:   34:    }
    #####:   35:}
