        -:    0:Source:options.c
        -:    0:Graph:a-options.gcno
        -:    0:Data:a-options.gcda
        -:    0:Runs:2
        -:    1:#include <header.h>
        -:    2:
        3:    3:void options()
        -:    4:{
        -:    5:    int choice;
        -:    6:    
        3:    7:    printf("\v\n\v\t\t\t\t\t\t\t\t-- Departmental Store--\n");
        -:    8:    while (1)
        -:    9:    {
       12:   10:        printf("\n\t\t\t\t\t\t\t\t1. Insert\n\t\t\t\t\t\t\t\t2. Display");
       12:   11:        printf("\n\t\t\t\t\t\t\t\t3. Search\n\t\t\t\t\t\t\t\t4. Delete\n\t\t\t\t\t\t\t\t5. Edit_Poduct");
       12:   12:        printf("\n\t\t\t\t\t\t\t\t6. Sale Product\n\t\t\t\t\t\t\t\t7. Customer Sales Report \n\t\t\t\t\t\t\t\t8. Close\n\n");
       12:   13:        printf("\t\t\t\t\t\t\t\tEnter your choice: ");
       12:   14:   	scanf("%d",&choice);
       12:   15:        switch (choice)
        -:   16:        {
        2:   17:        	case 1:
        2:   18:            	system("clear");
        2:   19:            	addProduct();
        2:   20:            	system("clear");
        2:   21:            	break;
        2:   22:        	case 2:
        2:   23:            	system("clear");
        2:   24:            	displayProduct();
        2:   25:            	break;
        2:   26:        	case 3:
        2:   27:            	system("clear");
        2:   28:            	searchProduct();
        2:   29:            	break;
        1:   30:        	case 4:
        1:   31:            	system("clear");
        1:   32:            	deleteProduct();
        1:   33:            	break;
        1:   34:        	case 5:
        1:   35:            	system("clear");
        1:   36:            	updateProduct();
        1:   37:            	break;
        1:   38:        	case 6:
        1:   39:            	system("clear");
        1:   40:	    		saleProduct();            
        1:   41:            	break;
        1:   42:			case 7:
        1:   43:	    		system("clear");
        1:   44:	    		customerSalesReport();
        2:   45:        	case 8:
        2:   46:            	system("clear");
        2:   47:            	closeApp();
    #####:   48:            	break;
    #####:   49:        	default:
    #####:   50:            	system("clear");
    #####:   51:            	printf("\033[1;31m");
    #####:   52:            	printf("\t\t* Invalid choice.\n");
    #####:   53:            	printf("\033[0m");
    #####:   54:            	break;
        -:   55:        } /* end of switch */
        -:   56:    }
        -:   57:
        -:   58:}
